<?xml version="1.0" encoding="UTF-8"?>
<!-- Generated by org.testng.reporters.JUnitXMLReporter -->
<testsuite ignored="0" hostname="LAPTOP-89BRLGSI" failures="0" tests="2" name="Default test" time="21.596" errors="0" timestamp="2023-12-01T12:33:35 IST">
  <testcase classname="testNGAnnotationsAndFlags.GoogleSearchTest" name="search_java" time="2.471"/>
  <testcase classname="testNGAnnotationsAndFlags.GoogleSearchTest" name="search_selenium" time="2.451"/>
</testsuite> <!-- Default test -->
