<?xml version="1.0" encoding="UTF-8"?>
<!-- Generated by org.testng.reporters.JUnitXMLReporter -->
<testsuite ignored="0" hostname="LAPTOP-89BRLGSI" failures="0" tests="5" name="Default test" time="35.379" errors="0" timestamp="2023-12-07T12:56:16 IST">
  <testcase classname="testNGAnnotationsAndFlags.ActiTimeDataProviderFlag" name="invalidLogin" time="9.735"/>
  <testcase classname="testNGAnnotationsAndFlags.ActiTimeDataProviderFlag" name="invalidLogin" time="5.192"/>
  <testcase classname="testNGAnnotationsAndFlags.ActiTimeDataProviderFlag" name="invalidLogin" time="5.318"/>
  <testcase classname="testNGAnnotationsAndFlags.ActiTimeDataProviderFlag" name="invalidLogin" time="5.93"/>
  <testcase classname="testNGAnnotationsAndFlags.ActiTimeDataProviderFlag" name="invalidLogin" time="9.038"/>
</testsuite> <!-- Default test -->
