<?xml version="1.0" encoding="UTF-8"?>
<!-- Generated by org.testng.reporters.JUnitXMLReporter -->
<testsuite ignored="0" hostname="LAPTOP-89BRLGSI" failures="0" tests="5" name="Test" time="67.182" errors="0" timestamp="2023-12-13T20:45:38 IST">
  <testcase classname="testPackage.ValidLoginTestCase" name="validLogin" time="1.607"/>
  <testcase classname="testPackage.InvalidLoginTestCase" name="f" time="0.003"/>
  <testcase classname="testPackage.CreateNewCustomer" name="create_ProjectAndCustomer" time="13.514"/>
  <testcase classname="testPackage.CreateNewUser" name="create_new_User" time="28.474"/>
  <testcase classname="testPackage.DeleteAll" name="deleteMethod" time="6.761"/>
</testsuite> <!-- Test -->
