<?xml version="1.0" encoding="UTF-8"?>
<testng-results ignored="0" total="5" passed="5" failed="0" skipped="0">
  <reporter-output>
  </reporter-output>
  <suite started-at="2023-12-13T20:44:31 IST" name="Suite" finished-at="2023-12-13T20:45:38 IST" duration-ms="67182">
    <groups>
    </groups>
    <test started-at="2023-12-13T20:44:31 IST" name="Test" finished-at="2023-12-13T20:45:38 IST" duration-ms="67182">
      <class name="testPackage.ValidLoginTestCase">
        <test-method is-config="true" signature="setUp()[pri:0, instance:testPackage.ValidLoginTestCase@1ed6388a]" started-at="2023-12-13T20:44:31 IST" name="setUp" finished-at="2023-12-13T20:44:36 IST" duration-ms="5284" status="PASS">
          <reporter-output>
          </reporter-output>
        </test-method> <!-- setUp -->
        <test-method signature="validLogin()[pri:0, instance:testPackage.ValidLoginTestCase@1ed6388a]" started-at="2023-12-13T20:44:36 IST" name="validLogin" finished-at="2023-12-13T20:44:38 IST" duration-ms="1607" status="PASS">
          <reporter-output>
          </reporter-output>
        </test-method> <!-- validLogin -->
        <test-method is-config="true" signature="tearDown()[pri:0, instance:testPackage.ValidLoginTestCase@1ed6388a]" started-at="2023-12-13T20:44:38 IST" name="tearDown" finished-at="2023-12-13T20:44:39 IST" duration-ms="470" status="PASS">
          <reporter-output>
          </reporter-output>
        </test-method> <!-- tearDown -->
      </class> <!-- testPackage.ValidLoginTestCase -->
      <class name="testPackage.InvalidLoginTestCase">
        <test-method signature="f()[pri:0, instance:testPackage.InvalidLoginTestCase@740cae06]" started-at="2023-12-13T20:44:39 IST" name="f" finished-at="2023-12-13T20:44:39 IST" duration-ms="3" status="PASS">
          <reporter-output>
          </reporter-output>
        </test-method> <!-- f -->
      </class> <!-- testPackage.InvalidLoginTestCase -->
      <class name="testPackage.CreateNewCustomer">
        <test-method is-config="true" signature="setUp()[pri:0, instance:testPackage.CreateNewCustomer@26d9b808]" started-at="2023-12-13T20:44:39 IST" name="setUp" finished-at="2023-12-13T20:44:42 IST" duration-ms="3080" status="PASS">
          <reporter-output>
          </reporter-output>
        </test-method> <!-- setUp -->
        <test-method signature="create_ProjectAndCustomer()[pri:0, instance:testPackage.CreateNewCustomer@26d9b808]" started-at="2023-12-13T20:44:42 IST" name="create_ProjectAndCustomer" finished-at="2023-12-13T20:44:55 IST" duration-ms="13514" status="PASS">
          <reporter-output>
          </reporter-output>
        </test-method> <!-- create_ProjectAndCustomer -->
        <test-method is-config="true" signature="tearDown()[pri:0, instance:testPackage.CreateNewCustomer@26d9b808]" started-at="2023-12-13T20:44:55 IST" name="tearDown" finished-at="2023-12-13T20:44:56 IST" duration-ms="549" status="PASS">
          <reporter-output>
          </reporter-output>
        </test-method> <!-- tearDown -->
      </class> <!-- testPackage.CreateNewCustomer -->
      <class name="testPackage.DeleteAll">
        <test-method is-config="true" signature="setUp()[pri:0, instance:testPackage.DeleteAll@644baf4a]" started-at="2023-12-13T20:45:28 IST" name="setUp" finished-at="2023-12-13T20:45:31 IST" duration-ms="2958" status="PASS">
          <reporter-output>
          </reporter-output>
        </test-method> <!-- setUp -->
        <test-method signature="deleteMethod()[pri:0, instance:testPackage.DeleteAll@644baf4a]" started-at="2023-12-13T20:45:31 IST" name="deleteMethod" finished-at="2023-12-13T20:45:38 IST" duration-ms="6761" status="PASS">
          <reporter-output>
          </reporter-output>
        </test-method> <!-- deleteMethod -->
        <test-method is-config="true" signature="tearDown()[pri:0, instance:testPackage.DeleteAll@644baf4a]" started-at="2023-12-13T20:45:38 IST" name="tearDown" finished-at="2023-12-13T20:45:38 IST" duration-ms="585" status="PASS">
          <reporter-output>
          </reporter-output>
        </test-method> <!-- tearDown -->
      </class> <!-- testPackage.DeleteAll -->
      <class name="testPackage.CreateNewUser">
        <test-method is-config="true" signature="setUp()[pri:0, instance:testPackage.CreateNewUser@f78a47e]" started-at="2023-12-13T20:44:56 IST" name="setUp" finished-at="2023-12-13T20:44:59 IST" duration-ms="3194" status="PASS">
          <reporter-output>
          </reporter-output>
        </test-method> <!-- setUp -->
        <test-method signature="create_new_User()[pri:0, instance:testPackage.CreateNewUser@f78a47e]" started-at="2023-12-13T20:44:59 IST" name="create_new_User" finished-at="2023-12-13T20:45:27 IST" duration-ms="28474" status="PASS">
          <reporter-output>
          </reporter-output>
        </test-method> <!-- create_new_User -->
        <test-method is-config="true" signature="tearDown()[pri:0, instance:testPackage.CreateNewUser@f78a47e]" started-at="2023-12-13T20:45:27 IST" name="tearDown" finished-at="2023-12-13T20:45:28 IST" duration-ms="555" status="PASS">
          <reporter-output>
          </reporter-output>
        </test-method> <!-- tearDown -->
      </class> <!-- testPackage.CreateNewUser -->
    </test> <!-- Test -->
  </suite> <!-- Suite -->
</testng-results>
