<?xml version="1.0" encoding="UTF-8"?>
<testng-results ignored="0" total="3" passed="3" failed="0" skipped="0">
  <reporter-output>
  </reporter-output>
  <suite started-at="2023-11-28T12:51:42 IST" name="Suite" finished-at="2023-11-28T12:52:26 IST" duration-ms="44345">
    <groups>
    </groups>
    <test started-at="2023-11-28T12:51:42 IST" name="Test" finished-at="2023-11-28T12:52:26 IST" duration-ms="44345">
      <class name="testNGExecutionPackage.JavaTest">
        <test-method signature="java_method()[pri:0, instance:testNGExecutionPackage.JavaTest@67f639d3]" started-at="2023-11-28T12:51:42 IST" name="java_method" finished-at="2023-11-28T12:51:53 IST" duration-ms="11651" status="PASS">
          <reporter-output>
          </reporter-output>
        </test-method> <!-- java_method -->
      </class> <!-- testNGExecutionPackage.JavaTest -->
      <class name="testNGExecutionPackage.SqlTest">
        <test-method signature="sql_method()[pri:0, instance:testNGExecutionPackage.SqlTest@428640fa]" started-at="2023-11-28T12:51:53 IST" name="sql_method" finished-at="2023-11-28T12:52:11 IST" duration-ms="17515" status="PASS">
          <reporter-output>
          </reporter-output>
        </test-method> <!-- sql_method -->
      </class> <!-- testNGExecutionPackage.SqlTest -->
      <class name="testNGExecutionPackage.SeleniumTest">
        <test-method signature="selenium_Method()[pri:0, instance:testNGExecutionPackage.SeleniumTest@d9345cd]" started-at="2023-11-28T12:52:11 IST" name="selenium_Method" finished-at="2023-11-28T12:52:26 IST" duration-ms="15040" status="PASS">
          <reporter-output>
          </reporter-output>
        </test-method> <!-- selenium_Method -->
      </class> <!-- testNGExecutionPackage.SeleniumTest -->
    </test> <!-- Test -->
  </suite> <!-- Suite -->
</testng-results>
