<?xml version="1.0" encoding="UTF-8"?>
<testng-results ignored="0" total="2" passed="2" failed="0" skipped="0">
  <reporter-output>
  </reporter-output>
  <suite started-at="2023-12-01T12:33:13 IST" name="Default suite" finished-at="2023-12-01T12:33:35 IST" duration-ms="21596">
    <groups>
    </groups>
    <test started-at="2023-12-01T12:33:13 IST" name="Default test" finished-at="2023-12-01T12:33:35 IST" duration-ms="21596">
      <class name="testNGAnnotationsAndFlags.GoogleSearchTest">
        <test-method is-config="true" signature="setUp()[pri:0, instance:testNGAnnotationsAndFlags.GoogleSearchTest@27f981c6]" started-at="2023-12-01T12:33:13 IST" name="setUp" finished-at="2023-12-01T12:33:21 IST" duration-ms="8008" status="PASS">
          <reporter-output>
          </reporter-output>
        </test-method> <!-- setUp -->
        <test-method signature="search_java()[pri:0, instance:testNGAnnotationsAndFlags.GoogleSearchTest@27f981c6]" started-at="2023-12-01T12:33:21 IST" name="search_java" finished-at="2023-12-01T12:33:24 IST" duration-ms="2471" status="PASS">
          <reporter-output>
          </reporter-output>
        </test-method> <!-- search_java -->
        <test-method is-config="true" signature="tearDown()[pri:0, instance:testNGAnnotationsAndFlags.GoogleSearchTest@27f981c6]" started-at="2023-12-01T12:33:24 IST" name="tearDown" finished-at="2023-12-01T12:33:24 IST" duration-ms="444" status="PASS">
          <reporter-output>
          </reporter-output>
        </test-method> <!-- tearDown -->
        <test-method is-config="true" signature="setUp()[pri:0, instance:testNGAnnotationsAndFlags.GoogleSearchTest@27f981c6]" started-at="2023-12-01T12:33:24 IST" name="setUp" finished-at="2023-12-01T12:33:32 IST" duration-ms="7693" status="PASS">
          <reporter-output>
          </reporter-output>
        </test-method> <!-- setUp -->
        <test-method signature="search_selenium()[pri:0, instance:testNGAnnotationsAndFlags.GoogleSearchTest@27f981c6]" started-at="2023-12-01T12:33:32 IST" name="search_selenium" finished-at="2023-12-01T12:33:35 IST" duration-ms="2451" status="PASS">
          <reporter-output>
          </reporter-output>
        </test-method> <!-- search_selenium -->
        <test-method is-config="true" signature="tearDown()[pri:0, instance:testNGAnnotationsAndFlags.GoogleSearchTest@27f981c6]" started-at="2023-12-01T12:33:35 IST" name="tearDown" finished-at="2023-12-01T12:33:35 IST" duration-ms="365" status="PASS">
          <reporter-output>
          </reporter-output>
        </test-method> <!-- tearDown -->
      </class> <!-- testNGAnnotationsAndFlags.GoogleSearchTest -->
    </test> <!-- Default test -->
  </suite> <!-- Default suite -->
</testng-results>
