<?xml version="1.0" encoding="UTF-8"?>
<!-- Generated by org.testng.reporters.JUnitXMLReporter -->
<testsuite ignored="0" hostname="LAPTOP-89BRLGSI" failures="0" tests="5" name="Test" time="78.817" errors="0" timestamp="2024-01-06T14:42:31 IST">
  <testcase classname="testPackage.ValidLoginTestCase" name="validLogin" time="0.648"/>
  <testcase classname="testPackage.InvalidLoginTestCase" name="f" time="0.003"/>
  <testcase classname="testPackage.CreateNewCustomer" name="create_ProjectAndCustomer" time="19.566"/>
  <testcase classname="testPackage.CreateNewUser" name="create_new_User" time="29.866"/>
  <testcase classname="testPackage.DeleteAll" name="deleteMethod" time="7.163"/>
</testsuite> <!-- Test -->
