<?xml version="1.0" encoding="UTF-8"?>
<!-- Generated by org.testng.reporters.JUnitXMLReporter -->
<testsuite ignored="0" hostname="LAPTOP-89BRLGSI" failures="0" tests="3" name="Test" time="44.345" errors="0" timestamp="2023-11-28T12:52:26 IST">
  <testcase classname="testNGExecutionPackage.JavaTest" name="java_method" time="11.651"/>
  <testcase classname="testNGExecutionPackage.SqlTest" name="sql_method" time="17.515"/>
  <testcase classname="testNGExecutionPackage.SeleniumTest" name="selenium_Method" time="15.04"/>
</testsuite> <!-- Test -->
