<?xml version="1.0" encoding="UTF-8"?>
<!-- Generated by org.testng.reporters.JUnitXMLReporter -->
<testsuite ignored="0" hostname="LAPTOP-89BRLGSI" failures="0" tests="6" name="Test" time="0.182" errors="0" timestamp="2023-11-30T12:10:51 IST">
  <testcase classname="testNGExecutionPackage.Test3" name="method1" time="0.031"/>
  <testcase classname="testNGExecutionPackage.Test2" name="method2" time="0.028"/>
  <testcase classname="testNGExecutionPackage.Test1" name="method1" time="0.028"/>
  <testcase classname="testNGExecutionPackage.Test2" name="method1" time="0.027"/>
  <testcase classname="testNGExecutionPackage.Test3" name="method2" time="0.027"/>
  <testcase classname="testNGExecutionPackage.Test1" name="method2" time="0.011"/>
</testsuite> <!-- Test -->
